# ELBREAD: Elaboration process.
# ELBREAD: Elaboration time 0.0 [s].
acom $DSN/src/ALU.vhd
# Compile...
# File: c:\hardware_design_projects\design1\design0\src\ALU.vhd
# Compile Entity "ALUControl"
# Compile Architecture "arc" of Entity "ALUControl"
# Compile success 0 Errors 0 Warnings  Analysis time :  0.1 [s]
acom $DSN/src/ALUControl.vhd
# Compile...
# File: c:\hardware_design_projects\design1\design0\src\ALUControl.vhd
# Compile Entity "ALUControl"
# Entity `ALUControl' has been skipped - no difference detected.
# Compile Architecture "arc" of Entity "ALUControl"
# Compile success 0 Errors 0 Warnings  Analysis time :  0.1 [s]
acom $DSN/src/Mux_2in_32bit.vhd
# Compile...
# File: c:\hardware_design_projects\design1\design0\src\Mux_2in_32bit.vhd
# Compile Entity "Mux2to1_32bit"
# Compile Architecture "bev" of Entity "Mux2to1_32bit"
# Error: COMP96_0078: Mux_2in_32bit.vhd : (16, 13): Unknown identifier "input_1".
# Error: COMP96_0078: Mux_2in_32bit.vhd : (16, 31): Unknown identifier "input_2".
# Error: COMP96_0133: Mux_2in_32bit.vhd : (16, 13): Cannot find object declaration.
# Error: COMP96_0104: Mux_2in_32bit.vhd : (16, 13): Undefined type of expression.
# Error: COMP96_0077: Mux_2in_32bit.vhd : (16, 13): Assignment target incompatible with right side. Expected type "std_logic_vector".
# Error: COMP96_0133: Mux_2in_32bit.vhd : (16, 31): Cannot find object declaration.
# Error: COMP96_0104: Mux_2in_32bit.vhd : (16, 31): Undefined type of expression.
# Error: COMP96_0077: Mux_2in_32bit.vhd : (16, 31): Assignment target incompatible with right side. Expected type "std_logic_vector".
# Compile failure 8 Errors 0 Warnings  Analysis time :  0.0 [s]
acom $DSN/src/Mux_2in_32bit.vhd
# Compile...
# File: c:\hardware_design_projects\design1\design0\src\Mux_2in_32bit.vhd
# Compile Entity "Mux2to1_32bit"
# Entity `Mux2to1_32bit' has been skipped - no difference detected.
# Compile Architecture "bev" of Entity "Mux2to1_32bit"
# Compile success 0 Errors 0 Warnings  Analysis time :  0.1 [s]
acom $DSN/src/Mux_2in_5bit.vhd
# Compile...
# File: c:\hardware_design_projects\design1\design0\src\Mux_2in_5bit.vhd
# Compile Entity "Mux2to1_5bit"
# Compile Architecture "arc" of Entity "Mux2to1_5bit"
# Compile success 0 Errors 0 Warnings  Analysis time :  0.0 [s]
acom $DSN/src/Mux_3in_32bit.vhd
# Compile...
# File: c:\hardware_design_projects\design1\design0\src\Mux_3in_32bit.vhd
# Compile Entity "Mux3to1_32bit"
# Error: COMP96_0111: Mux_3in_32bit.vhd : (12, 5): Labels do not match.
# Compile Architecture "bev" of Entity "Mux3to1_32bit"
# Error: COMP96_0056: Mux_3in_32bit.vhd : (14, 1): Cannot find referenced entity declaration "Mux3to1_32bit".
# Compile failure 2 Errors 0 Warnings  Analysis time :  0.0 [s]
acom $DSN/src/Mux_3in_32bit.vhd
# Compile...
# File: c:\hardware_design_projects\design1\design0\src\Mux_3in_32bit.vhd
# Compile Entity "Mux3to1_32bit"
# Compile Architecture "bev" of Entity "Mux3to1_32bit"
# Compile success 0 Errors 0 Warnings  Analysis time :  0.0 [s]
acom $DSN/src/Mux_4in_32bit.vhd
# Compile...
# File: c:\hardware_design_projects\design1\design0\src\Mux_4in_32bit.vhd
# Compile Entity "Mux4to1_32bit"
# Compile Architecture "bev" of Entity "Mux4to1_32bit"
# Compile success 0 Errors 0 Warnings  Analysis time :  0.1 [s]
acom $DSN/src/ShiftLeft.vhd
# Compile...
# File: c:\hardware_design_projects\design1\design0\src\ShiftLeft.vhd
# Compile Entity "ShiftLeft"
# Compile Architecture "bev" of Entity "ShiftLeft"
# Compile success 0 Errors 0 Warnings  Analysis time :  0.1 [s]
acom $DSN/src/ShiftLeft2.vhd
# Compile...
# File: c:\hardware_design_projects\design1\design0\src\ShiftLeft2.vhd
# Compile Entity "ShiftLeft_2bit"
# Compile Architecture "bev" of Entity "ShiftLeft_2bit"
# Compile success 0 Errors 0 Warnings  Analysis time :  0.1 [s]
acom $DSN/src/SignExtend.vhd
# Compile...
# File: c:\hardware_design_projects\design1\design0\src\SignExtend.vhd
# Compile Entity "SignExtend"
# Compile Architecture "bev" of Entity "SignExtend"
# Compile success 0 Errors 0 Warnings  Analysis time :  0.0 [s]
acom $DSN/src/ControlUnit.vhd
# Compile..